<?xml version="1.0" encoding="UTF-8"?>
<!-- Generated by org.testng.reporters.JUnitReportReporter -->
<testsuite skipped="0" hostname="MSI" name="TestNG.ISuiteListenerWithExample" tests="1" failures="0" timestamp="2022-12-24T19:30:02 IST" time="0.001" errors="0">
  <testcase name="test" time="0.001" classname="TestNG.ISuiteListenerWithExample"/>
  <system-out/>
</testsuite> <!-- TestNG.ISuiteListenerWithExample -->
