<?xml version="1.0" encoding="UTF-8"?>
<!-- Generated by org.testng.reporters.JUnitReportReporter -->
<testsuite skipped="0" hostname="MSI" name="TestNG.ListenersTest" tests="2" failures="0" timestamp="2022-12-24T19:24:21 IST" time="0.000" errors="0">
  <testcase name="test2" time="0.000" classname="TestNG.ListenersTest"/>
  <system-out/>
  <testcase name="test1" time="0.000" classname="TestNG.ListenersTest"/>
  <system-out/>
</testsuite> <!-- TestNG.ListenersTest -->
