<?xml version="1.0" encoding="UTF-8"?>
<!-- Generated by org.testng.reporters.JUnitReportReporter -->
<testsuite hostname="TF-D116" failures="0" tests="1" name="TestNG.ReportClassB" time="3.508" errors="0" timestamp="2023-01-05T10:39:40 IST" skipped="0">
  <testcase classname="TestNG.ReportClassB" name="run" time="3.508"/>
  <system-out>
    <![CDATA[The browser 2 is opened in tab 2
The browser 2 is maximized
The google is opened in tab2
The data has entered in tab2]]>
  </system-out>
</testsuite> <!-- TestNG.ReportClassB -->
