<?xml version="1.0" encoding="UTF-8"?>
<!-- Generated by org.testng.reporters.JUnitReportReporter -->
<testsuite hostname="TF-D116" failures="0" tests="1" name="TestNG.ReportClassA" time="3.509" errors="0" timestamp="2023-01-05T10:39:40 IST" skipped="0">
  <testcase classname="TestNG.ReportClassA" name="run" time="3.509"/>
  <system-out>
    <![CDATA[The browser 1 is opened in tab1
The browse 1 is maximized in tab1
The google website is opened in tab1
the data has been entered in tab1]]>
  </system-out>
</testsuite> <!-- TestNG.ReportClassA -->
