<?xml version="1.0" encoding="UTF-8"?>
<!-- Generated by org.testng.reporters.JUnitReportReporter -->
<testsuite skipped="0" hostname="MSI" name="TestNG.ISuiteListenersWithExample2" tests="1" failures="0" timestamp="2022-12-24T19:30:02 IST" time="0.000" errors="0">
  <testcase name="test" time="0.000" classname="TestNG.ISuiteListenersWithExample2"/>
  <system-out/>
</testsuite> <!-- TestNG.ISuiteListenersWithExample2 -->
